<?xml version="1.0" encoding="UTF-8"?>
<testng-results skipped="0" failed="0" ignored="0" total="1" passed="1">
  <reporter-output>
  </reporter-output>
  <suite name="Default suite" duration-ms="36" started-at="2022-04-15T03:55:41Z" finished-at="2022-04-15T03:55:41Z">
    <groups>
    </groups>
    <test name="Default test" duration-ms="36" started-at="2022-04-15T03:55:41Z" finished-at="2022-04-15T03:55:41Z">
      <class name="Interview.CharacterCount">
        <test-method status="PASS" signature="Charactercount()[pri:0, instance:Interview.CharacterCount@5622fdf]" name="Charactercount" duration-ms="6" started-at="2022-04-15T03:55:41Z" finished-at="2022-04-15T03:55:41Z">
          <reporter-output>
          </reporter-output>
        </test-method> <!-- Charactercount -->
      </class> <!-- Interview.CharacterCount -->
    </test> <!-- Default test -->
  </suite> <!-- Default suite -->
</testng-results>
